        -:    0:Source:velha.cpp
        -:    0:Graph:velha.gcno
        -:    0:Data:velha.gcda
        -:    0:Runs:1
        -:    0:Programs:1
        -:    1:/**
        -:    2: * \file  velha.cpp
        -:    3: */
        -:    4:
        -:    5:
        -:    6:#include "velha.hpp"
        -:    7:
        -:    8:/** 
        -:    9: * @brief verifica situacao do jogo da velha  
        -:   10: * @author Programador 
        -:   11: * @param  velha descreve o parametro
        -:   12: * 
        -:   13: *  Descrever o que a funcao faz
        -:   14: */ 
        -:   15:
       11:   16:int VerificaVelha( int velha[3][3] )
        -:   17:{
        -:   18:	// Verifica se o X venceu 
       11:   19:	if(Vence(velha,1)){
        3:   20:		return 1;
        -:   21:	}
        -:   22:	//Verifica se o O venceu 
        8:   23:	else if(Vence(velha,2)){
        3:   24:		return 1;
        -:   25:	}
        -:   26:	// Caso para jogo empatado
        5:   27:	else if(!Vence(velha,1) && !Vence(velha,2) && !Zero(velha)){
        1:   28:		return 0; 
        -:   29:	}
        -:   30:	else{
        4:   31:		return -1;
        -:   32:	}
       11:   33:}
        -:   34:
        -:   35:/*!< Funcao usada para verificar e retornar se X ou O venceu */
       29:   36:int Vence(int velha[3][3], int numero){
       29:   37:	if(velha[0][0] == numero && velha[1][1] == numero && velha[2][2] == numero){
        1:   38:		return 1;
        -:   39:	}
       28:   40:	else if(velha[0][2] == numero && velha[1][1] == numero && velha[2][0] == numero){
        1:   41:		return 1;
        -:   42:	}
       27:   43:	else if(velha[0][0] == numero && velha[1][0] == numero && velha[2][0] == numero){
        1:   44:		return 1;
        -:   45:	}
       26:   46:	else if(velha[0][1] == numero && velha[1][1] == numero && velha[2][1] == numero){
    #####:   47:		return 1;
        -:   48:	}
       26:   49:	else if(velha[0][2] == numero && velha[1][2] == numero && velha[2][2] == numero){
        1:   50:		return 1;
        -:   51:	}
       25:   52:	else if(velha[0][0] == numero && velha[0][1] == numero && velha[0][2] == numero){
        2:   53:		return 1;
        -:   54:	}
       23:   55:	else if(velha[1][0] == numero && velha[1][1] == numero && velha[1][2] == numero){
    #####:   56:		return 1;
        -:   57:	}
       23:   58:	else if(velha[2][0] == numero && velha[2][1] == numero && velha[2][2] == numero){
    #####:   59:		return 1;
        -:   60:	}
        -:   61:	else{
       23:   62:		return 0;
        -:   63:	}
       29:   64:}
        5:   65:int Zero(int velha[3][3]){
        8:   66:	for(int x = 0; x<3;x++){
       18:   67:		for(int y = 0; y<3;y++){
       15:   68:			if(!velha[x][y]){
        4:   69:				return 1;
        -:   70:			}
       11:   71:		}
        3:   72:	}
        1:   73:	return 0;
        5:   74:}
        -:   75:
        -:   76:
